<?xml version="1.0" encoding="UTF-8"?>
<!-- Generated by org.testng.reporters.JUnitReportReporter -->
<testsuite skipped="0" hostname="trinity" name="com.qa.activecampaign.test.ContactsNPFTest" tests="1" failures="0" timestamp="08 Aug 2019 03:34:56 GMT" time="23.036" errors="0">
  <testcase name="createNewContactTest" time="23.036" classname="com.qa.activecampaign.test.ContactsNPFTest"/>
</testsuite> <!-- com.qa.activecampaign.test.ContactsNPFTest -->
