<?xml version="1.0" encoding="UTF-8"?>
<!-- Generated by org.testng.reporters.JUnitReportReporter -->
<testsuite skipped="0" hostname="trinity" name="com.qa.activecampaign.test.ActiveCampaign_LoginPageTest" tests="1" failures="0" timestamp="01 Aug 2019 10:04:08 GMT" time="15.831" errors="0">
  <testcase name="verifyAccountLogin" time="15.831" classname="com.qa.activecampaign.test.ActiveCampaign_LoginPageTest"/>
</testsuite> <!-- com.qa.activecampaign.test.ActiveCampaign_LoginPageTest -->
