<?xml version="1.0" encoding="UTF-8"?>
<!-- Generated by org.testng.reporters.JUnitReportReporter -->
<testsuite skipped="1" hostname="trinity" name="com.qa.activecampaign.test.OverViewPageTest" tests="4" failures="0" timestamp="01 Aug 2019 12:24:35 GMT" time="61.030" errors="0">
  <testcase name="verify_UserName_Test" time="16.471" classname="com.qa.activecampaign.test.OverViewPageTest"/>
  <testcase name="Verify_Url_Test" time="27.887" classname="com.qa.activecampaign.test.OverViewPageTest"/>
  <testcase name="verify_OverviewPageTitle_Test" time="16.672" classname="com.qa.activecampaign.test.OverViewPageTest"/>
  <testcase name="verify_settingsLink_Test" classname="com.qa.activecampaign.test.OverViewPageTest">
    <skipped/>
  </testcase> <!-- verify_settingsLink_Test -->
</testsuite> <!-- com.qa.activecampaign.test.OverViewPageTest -->
