<?xml version="1.0" encoding="UTF-8"?>
<!-- Generated by org.testng.reporters.JUnitReportReporter -->
<testsuite skipped="0" hostname="trinity" name="com.qa.activecampaign.test.LoginPageTest" tests="1" failures="0" timestamp="30 Jul 2019 11:53:52 GMT" time="9.636" errors="0">
  <testcase name="VerifyLoginPage_title" time="9.636" classname="com.qa.activecampaign.test.LoginPageTest"/>
</testsuite> <!-- com.qa.activecampaign.test.LoginPageTest -->
